
Feb 24, 2017 10:39:07.31 NEW SESSION
Feb 24, 2017 10:39:07.31 1487912947315	addons.productaddons	WARN	Failed downloading XML, status: 0, reason: error
Feb 24, 2017 10:44:04.69 1487913244696	addons.repository	WARN	Search failed when repopulating cache
Feb 24, 2017 10:44:04.90 1487913244905	addons.update-checker	WARN	HTTP Request failed for an unknown reason
Feb 24, 2017 10:44:04.90 1487913244908	addons.update-checker	WARN	HTTP Request failed for an unknown reason
Feb 24, 2017 10:44:04.92 1487913244912	addons.update-checker	WARN	HTTP Request failed for an unknown reason
Feb 24, 2017 10:44:04.94 1487913244914	addons.update-checker	WARN	HTTP Request failed for an unknown reason
Feb 24, 2017 10:44:04.97 1487913244916	addons.update-checker	WARN	HTTP Request failed for an unknown reason
Feb 24, 2017 10:44:04.99 1487913244919	addons.update-checker	WARN	HTTP Request failed for an unknown reason
Feb 24, 2017 10:44:05.00 1487913244921	addons.update-checker	WARN	HTTP Request failed for an unknown reason
Feb 24, 2017 10:44:05.02 1487913244925	addons.productaddons	WARN	Failed downloading XML, status: 0, reason: error
Feb 24, 2017 10:44:05.03 1487913244930	addons.productaddons	WARN	Failed downloading XML, status: 0, reason: error
Feb 24, 2017 10:44:05.04 1487913244933	addons.productaddons	WARN	Failed downloading XML, status: 0, reason: error
Feb 24, 2017 10:44:05.05 1487913244944	addons.update-checker	WARN	HTTP Request failed for an unknown reason
Feb 24, 2017 10:44:05.06 1487913244982	addons.productaddons	WARN	Failed downloading XML, status: 0, reason: error
Feb 24, 2017 10:44:05.07 1487913244983	addons.manager	WARN	Failed to update system addons: Error: Failed downloading XML, status: 0, reason: error (resource://gre/modules/addons/ProductAddonChecker.jsm:120:16) JS Stack trace: downloadXML/</fail@ProductAddonChecker.jsm:120:16
Feb 24, 2017 10:44:07.32 TabSources.prototype._fetchSourceMap threw an exception: SyntaxError: JSON.parse: unexpected character at line 1 column 1 of the JSON data
Feb 24, 2017 10:44:07.33 Stack: SourceMapConsumer@resource://gre/modules/commonjs/toolkit/loader.js -> resource://devtools/shared/sourcemap/source-map.js:1281:20
Feb 24, 2017 10:44:07.34 TabSources.prototype._fetchSourceMap/fetching<@resource://gre/modules/commonjs/toolkit/loader.js -> resource://devtools/server/actors/utils/TabSources.js:469:19
Feb 24, 2017 10:44:07.35 Handler.prototype.process@resource://gre/modules/Promise.jsm -> resource://gre/modules/Promise-backend.js:937:23
Feb 24, 2017 10:44:07.36 this.PromiseWalker.walkerLoop@resource://gre/modules/Promise.jsm -> resource://gre/modules/Promise-backend.js:816:7
Feb 24, 2017 10:44:07.37 this.PromiseWalker.scheduleWalkerLoop/<@resource://gre/modules/Promise.jsm -> resource://gre/modules/Promise-backend.js:750:11
Feb 24, 2017 10:44:07.38 Line: 1281, column: 20
Feb 24, 2017 10:44:07.39 console.error: 
Feb 24, 2017 10:44:07.40   TabSources.prototype._fetchSourceMap threw an exception: SyntaxError: JSON.parse: unexpected character at line 1 column 1 of the JSON data
Feb 24, 2017 10:44:07.41 Stack: SourceMapConsumer@resource://gre/modules/commonjs/toolkit/loader.js -> resource://devtools/shared/sourcemap/source-map.js:1281:20
Feb 24, 2017 10:44:07.43 TabSources.prototype._fetchSourceMap/fetching<@resource://gre/modules/commonjs/toolkit/loader.js -> resource://devtools/server/actors/utils/TabSources.js:469:19
Feb 24, 2017 10:44:07.44 Handler.prototype.process@resource://gre/modules/Promise.jsm -> resource://gre/modules/Promise-backend.js:937:23
Feb 24, 2017 10:44:07.45 this.PromiseWalker.walkerLoop@resource://gre/modules/Promise.jsm -> resource://gre/modules/Promise-backend.js:816:7
Feb 24, 2017 10:44:07.46 this.PromiseWalker.scheduleWalkerLoop/<@resource://gre/modules/Promise.jsm -> resource://gre/modules/Promise-backend.js:750:11
Feb 24, 2017 10:44:07.47 Line: 1281, column: 20
Feb 24, 2017 10:46:04.71 *************************
Feb 24, 2017 10:46:04.72 A coding exception was thrown and uncaught in a Task.
Feb 24, 2017 10:46:04.73 
Feb 24, 2017 10:46:04.74 Full message: TypeError: NetworkError when attempting to fetch resource.
Feb 24, 2017 10:46:04.75 Full stack: 
Feb 24, 2017 10:46:04.76 *************************
Feb 24, 2017 10:48:04.80 1487913484807	addons.xpi	WARN	Add-on mozilla_cc@internetdownloadmanager.com is not correctly signed.
Feb 24, 2017 16:14:03.42 console.error: 
Feb 24, 2017 16:14:03.85   Message: Error: SessionFile is closed
Feb 24, 2017 16:14:04.37   Stack:
Feb 24, 2017 16:14:05.18     SessionFileInternal.write@resource://app/modules/sessionstore/SessionFile.jsm:315:29
Feb 24, 2017 16:14:06.50 this.SessionFile.write@resource://app/modules/sessionstore/SessionFile.jsm:76:12
Feb 24, 2017 16:14:07.92 SessionSaverInternal._writeState@resource://app/modules/sessionstore/SessionSaver.jsm:259:12
Feb 24, 2017 16:14:09.08 SessionSaverInternal._saveState@resource://app/modules/sessionstore/SessionSaver.jsm:230:12
Feb 24, 2017 16:14:09.11 SessionSaverInternal._saveStateAsync@resource://app/modules/sessionstore/SessionSaver.jsm:243:5
Feb 24, 2017 16:14:09.14 SessionSaverInternal.runDelayed/this._timeoutID<@resource://app/modules/sessionstore/SessionSaver.jsm:147:40
Feb 24, 2017 16:14:09.16 setTimeout_timer@resource://gre/modules/Timer.jsm:30:5
Feb 24, 2017 16:14:09.19 

Feb 27, 2017 10:36:33.74 NEW SESSION
Feb 27, 2017 10:36:33.74 1488171993736	addons.productaddons	ERROR	Request failed certificate checks: [Exception... "Certificate checks failed. See previous errors for details."  nsresult: "0x80070057 (NS_ERROR_ILLEGAL_VALUE)"  location: "JS frame :: resource://gre/modules/CertUtils.jsm :: validateCert :: line 113"  data: no]
Feb 27, 2017 10:39:55.29 [Child 29040] WARNING: pipe error: 109: file c:/builds/moz2_slave/m-rel-w32-00000000000000000000/build/src/ipc/chromium/src/chrome/common/ipc_channel_win.cc, line 346
Feb 27, 2017 10:39:55.30 [Child 29040] WARNING: pipe error: 109: file c:/builds/moz2_slave/m-rel-w32-00000000000000000000/build/src/ipc/chromium/src/chrome/common/ipc_channel_win.cc, line 346
